----------------------------------------------------------------
Fri Aug 07 18:07:43 CST 2020:
Booting Derby version The Apache Software Foundation - Apache Derby - 10.14.2.0 - (1828579): instance a816c00e-0173-c853-8d6e-000004a86278 
on database directory memory:E:\Projects\data-test\ceb79981-5457-4b31-a70f-a2c19907d3dc with class loader sun.misc.Launcher$AppClassLoader@18b4aac2 
Loaded from file:/E:/apache/maven-repository/org/apache/derby/derby/10.14.2.0/derby-10.14.2.0.jar
java.vendor=Oracle Corporation
java.runtime.version=1.8.0_202-b08
user.dir=E:\Projects\data-test
os.name=Windows 10
os.arch=amd64
os.version=10.0
derby.system.home=null
Database Class Loader started - derby.database.classpath=''
----------------------------------------------------------------
Fri Aug 07 18:07:43 CST 2020:
Shutting down instance a816c00e-0173-c853-8d6e-000004a86278 on database directory memory:E:\Projects\data-test\ceb79981-5457-4b31-a70f-a2c19907d3dc with class loader sun.misc.Launcher$AppClassLoader@18b4aac2 
----------------------------------------------------------------
Fri Aug 07 18:07:43 CST 2020:
Booting Derby version The Apache Software Foundation - Apache Derby - 10.14.2.0 - (1828579): instance 0ddd00a9-0173-c853-8d6e-000004a86278 
on database directory memory:E:\Projects\data-test\ceb79981-5457-4b31-a70f-a2c19907d3dc with class loader sun.misc.Launcher$AppClassLoader@18b4aac2 
Loaded from file:/E:/apache/maven-repository/org/apache/derby/derby/10.14.2.0/derby-10.14.2.0.jar
java.vendor=Oracle Corporation
java.runtime.version=1.8.0_202-b08
user.dir=E:\Projects\data-test
os.name=Windows 10
os.arch=amd64
os.version=10.0
derby.system.home=null
Database Class Loader started - derby.database.classpath=''
